2025-01-26 11:46:06,115 - INFO - Using ASIN: B0DJMHDVQG
2025-01-26 11:46:06,116 - INFO - Trying URL: https://www.amazon.in/product-reviews/B0DJMHDVQG
2025-01-26 11:46:12,522 - INFO - Trying URL: https://www.amazon.in/dp/B0DJMHDVQG/ref=cm_cr_arp_d_product_top?ie=UTF8
2025-01-26 11:50:01,996 - INFO - Using ASIN: B0DJMHDVQG
2025-01-26 11:50:01,996 - INFO - Using ASIN: B0DJMHDVQG
2025-01-26 11:50:01,997 - INFO - Trying URL: https://www.amazon.in/product-reviews/B0DJMHDVQG
2025-01-26 11:50:01,997 - INFO - Trying URL: https://www.amazon.in/product-reviews/B0DJMHDVQG
2025-01-26 11:50:07,314 - INFO - Trying URL: https://www.amazon.in/dp/B0DJMHDVQG/ref=cm_cr_arp_d_product_top?ie=UTF8
2025-01-26 11:50:07,314 - INFO - Trying URL: https://www.amazon.in/dp/B0DJMHDVQG/ref=cm_cr_arp_d_product_top?ie=UTF8
2025-01-26 11:50:18,077 - INFO - Found 8 reviews
2025-01-26 11:50:18,077 - INFO - Found 8 reviews
2025-01-26 11:54:28,291 - INFO - Using ASIN: B0DJMHDVQG
2025-01-26 11:54:28,291 - INFO - Using ASIN: B0DJMHDVQG
2025-01-26 11:54:28,291 - INFO - Using ASIN: B0DJMHDVQG
2025-01-26 11:54:28,292 - INFO - Trying URL: https://www.amazon.in/product-reviews/B0DJMHDVQG
2025-01-26 11:54:28,292 - INFO - Trying URL: https://www.amazon.in/product-reviews/B0DJMHDVQG
2025-01-26 11:54:28,292 - INFO - Trying URL: https://www.amazon.in/product-reviews/B0DJMHDVQG
2025-01-26 11:54:34,750 - INFO - Trying URL: https://www.amazon.in/dp/B0DJMHDVQG/ref=cm_cr_arp_d_product_top?ie=UTF8
2025-01-26 11:54:34,750 - INFO - Trying URL: https://www.amazon.in/dp/B0DJMHDVQG/ref=cm_cr_arp_d_product_top?ie=UTF8
2025-01-26 11:54:34,750 - INFO - Trying URL: https://www.amazon.in/dp/B0DJMHDVQG/ref=cm_cr_arp_d_product_top?ie=UTF8
2025-01-26 11:55:02,473 - INFO - Using ASIN: B0DJMHDVQG
2025-01-26 11:55:02,473 - INFO - Using ASIN: B0DJMHDVQG
2025-01-26 11:55:02,473 - INFO - Using ASIN: B0DJMHDVQG
2025-01-26 11:55:02,473 - INFO - Using ASIN: B0DJMHDVQG
2025-01-26 11:55:02,474 - INFO - Trying URL: https://www.amazon.in/product-reviews/B0DJMHDVQG
2025-01-26 11:55:02,474 - INFO - Trying URL: https://www.amazon.in/product-reviews/B0DJMHDVQG
2025-01-26 11:55:02,474 - INFO - Trying URL: https://www.amazon.in/product-reviews/B0DJMHDVQG
2025-01-26 11:55:02,474 - INFO - Trying URL: https://www.amazon.in/product-reviews/B0DJMHDVQG
2025-01-26 11:55:09,322 - INFO - Trying URL: https://www.amazon.in/dp/B0DJMHDVQG/ref=cm_cr_arp_d_product_top?ie=UTF8
2025-01-26 11:55:09,322 - INFO - Trying URL: https://www.amazon.in/dp/B0DJMHDVQG/ref=cm_cr_arp_d_product_top?ie=UTF8
2025-01-26 11:55:09,322 - INFO - Trying URL: https://www.amazon.in/dp/B0DJMHDVQG/ref=cm_cr_arp_d_product_top?ie=UTF8
2025-01-26 11:55:09,322 - INFO - Trying URL: https://www.amazon.in/dp/B0DJMHDVQG/ref=cm_cr_arp_d_product_top?ie=UTF8
2025-01-26 11:58:19,469 - INFO - Using ASIN: B0CXDYPSKT
2025-01-26 11:58:19,469 - INFO - Using ASIN: B0CXDYPSKT
2025-01-26 11:58:19,469 - INFO - Using ASIN: B0CXDYPSKT
2025-01-26 11:58:19,469 - INFO - Using ASIN: B0CXDYPSKT
2025-01-26 11:58:19,469 - INFO - Using ASIN: B0CXDYPSKT
2025-01-26 11:58:19,472 - INFO - Trying URL: https://www.amazon.in/product-reviews/B0CXDYPSKT
2025-01-26 11:58:19,472 - INFO - Trying URL: https://www.amazon.in/product-reviews/B0CXDYPSKT
2025-01-26 11:58:19,472 - INFO - Trying URL: https://www.amazon.in/product-reviews/B0CXDYPSKT
2025-01-26 11:58:19,472 - INFO - Trying URL: https://www.amazon.in/product-reviews/B0CXDYPSKT
2025-01-26 11:58:19,472 - INFO - Trying URL: https://www.amazon.in/product-reviews/B0CXDYPSKT
2025-01-26 11:58:24,296 - INFO - Trying URL: https://www.amazon.in/dp/B0CXDYPSKT/ref=cm_cr_arp_d_product_top?ie=UTF8
2025-01-26 11:58:24,296 - INFO - Trying URL: https://www.amazon.in/dp/B0CXDYPSKT/ref=cm_cr_arp_d_product_top?ie=UTF8
2025-01-26 11:58:24,296 - INFO - Trying URL: https://www.amazon.in/dp/B0CXDYPSKT/ref=cm_cr_arp_d_product_top?ie=UTF8
2025-01-26 11:58:24,296 - INFO - Trying URL: https://www.amazon.in/dp/B0CXDYPSKT/ref=cm_cr_arp_d_product_top?ie=UTF8
2025-01-26 11:58:24,296 - INFO - Trying URL: https://www.amazon.in/dp/B0CXDYPSKT/ref=cm_cr_arp_d_product_top?ie=UTF8
2025-01-26 11:59:02,759 - INFO - Using ASIN: B0DJMHDVQG
2025-01-26 11:59:02,759 - INFO - Using ASIN: B0DJMHDVQG
2025-01-26 11:59:02,759 - INFO - Using ASIN: B0DJMHDVQG
2025-01-26 11:59:02,759 - INFO - Using ASIN: B0DJMHDVQG
2025-01-26 11:59:02,759 - INFO - Using ASIN: B0DJMHDVQG
2025-01-26 11:59:02,759 - INFO - Using ASIN: B0DJMHDVQG
2025-01-26 11:59:02,762 - INFO - Trying URL: https://www.amazon.in/product-reviews/B0DJMHDVQG
2025-01-26 11:59:02,762 - INFO - Trying URL: https://www.amazon.in/product-reviews/B0DJMHDVQG
2025-01-26 11:59:02,762 - INFO - Trying URL: https://www.amazon.in/product-reviews/B0DJMHDVQG
2025-01-26 11:59:02,762 - INFO - Trying URL: https://www.amazon.in/product-reviews/B0DJMHDVQG
2025-01-26 11:59:02,762 - INFO - Trying URL: https://www.amazon.in/product-reviews/B0DJMHDVQG
2025-01-26 11:59:02,762 - INFO - Trying URL: https://www.amazon.in/product-reviews/B0DJMHDVQG
2025-01-26 11:59:06,529 - INFO - Trying URL: https://www.amazon.in/dp/B0DJMHDVQG/ref=cm_cr_arp_d_product_top?ie=UTF8
2025-01-26 11:59:06,529 - INFO - Trying URL: https://www.amazon.in/dp/B0DJMHDVQG/ref=cm_cr_arp_d_product_top?ie=UTF8
2025-01-26 11:59:06,529 - INFO - Trying URL: https://www.amazon.in/dp/B0DJMHDVQG/ref=cm_cr_arp_d_product_top?ie=UTF8
2025-01-26 11:59:06,529 - INFO - Trying URL: https://www.amazon.in/dp/B0DJMHDVQG/ref=cm_cr_arp_d_product_top?ie=UTF8
2025-01-26 11:59:06,529 - INFO - Trying URL: https://www.amazon.in/dp/B0DJMHDVQG/ref=cm_cr_arp_d_product_top?ie=UTF8
2025-01-26 11:59:06,529 - INFO - Trying URL: https://www.amazon.in/dp/B0DJMHDVQG/ref=cm_cr_arp_d_product_top?ie=UTF8
2025-01-26 12:00:04,946 - INFO - Found 8 reviews
2025-01-26 12:00:04,946 - INFO - Found 8 reviews
2025-01-26 12:00:04,946 - INFO - Found 8 reviews
2025-01-26 12:00:04,946 - INFO - Found 8 reviews
2025-01-26 12:00:04,946 - INFO - Found 8 reviews
2025-01-26 12:00:04,946 - INFO - Found 8 reviews
2025-01-26 12:01:47,215 - INFO - Using ASIN: B0CXDYPSKT
2025-01-26 12:01:47,215 - INFO - Using ASIN: B0CXDYPSKT
2025-01-26 12:01:47,215 - INFO - Using ASIN: B0CXDYPSKT
2025-01-26 12:01:47,215 - INFO - Using ASIN: B0CXDYPSKT
2025-01-26 12:01:47,215 - INFO - Using ASIN: B0CXDYPSKT
2025-01-26 12:01:47,215 - INFO - Using ASIN: B0CXDYPSKT
2025-01-26 12:01:47,215 - INFO - Using ASIN: B0CXDYPSKT
2025-01-26 12:01:47,217 - INFO - Trying URL: https://www.amazon.in/product-reviews/B0CXDYPSKT
2025-01-26 12:01:47,217 - INFO - Trying URL: https://www.amazon.in/product-reviews/B0CXDYPSKT
2025-01-26 12:01:47,217 - INFO - Trying URL: https://www.amazon.in/product-reviews/B0CXDYPSKT
2025-01-26 12:01:47,217 - INFO - Trying URL: https://www.amazon.in/product-reviews/B0CXDYPSKT
2025-01-26 12:01:47,217 - INFO - Trying URL: https://www.amazon.in/product-reviews/B0CXDYPSKT
2025-01-26 12:01:47,217 - INFO - Trying URL: https://www.amazon.in/product-reviews/B0CXDYPSKT
2025-01-26 12:01:47,217 - INFO - Trying URL: https://www.amazon.in/product-reviews/B0CXDYPSKT
2025-01-26 12:02:11,617 - INFO - Trying URL: https://www.amazon.in/dp/B0CXDYPSKT/ref=cm_cr_arp_d_product_top?ie=UTF8
2025-01-26 12:02:11,617 - INFO - Trying URL: https://www.amazon.in/dp/B0CXDYPSKT/ref=cm_cr_arp_d_product_top?ie=UTF8
2025-01-26 12:02:11,617 - INFO - Trying URL: https://www.amazon.in/dp/B0CXDYPSKT/ref=cm_cr_arp_d_product_top?ie=UTF8
2025-01-26 12:02:11,617 - INFO - Trying URL: https://www.amazon.in/dp/B0CXDYPSKT/ref=cm_cr_arp_d_product_top?ie=UTF8
2025-01-26 12:02:11,617 - INFO - Trying URL: https://www.amazon.in/dp/B0CXDYPSKT/ref=cm_cr_arp_d_product_top?ie=UTF8
2025-01-26 12:02:11,617 - INFO - Trying URL: https://www.amazon.in/dp/B0CXDYPSKT/ref=cm_cr_arp_d_product_top?ie=UTF8
2025-01-26 12:02:11,617 - INFO - Trying URL: https://www.amazon.in/dp/B0CXDYPSKT/ref=cm_cr_arp_d_product_top?ie=UTF8
2025-01-26 12:03:06,932 - INFO - Using ASIN: B0CQG7XMXC
2025-01-26 12:03:06,932 - INFO - Using ASIN: B0CQG7XMXC
2025-01-26 12:03:06,932 - INFO - Using ASIN: B0CQG7XMXC
2025-01-26 12:03:06,932 - INFO - Using ASIN: B0CQG7XMXC
2025-01-26 12:03:06,932 - INFO - Using ASIN: B0CQG7XMXC
2025-01-26 12:03:06,932 - INFO - Using ASIN: B0CQG7XMXC
2025-01-26 12:03:06,932 - INFO - Using ASIN: B0CQG7XMXC
2025-01-26 12:03:06,932 - INFO - Using ASIN: B0CQG7XMXC
2025-01-26 12:03:06,935 - INFO - Trying URL: https://www.amazon.in/product-reviews/B0CQG7XMXC
2025-01-26 12:03:06,935 - INFO - Trying URL: https://www.amazon.in/product-reviews/B0CQG7XMXC
2025-01-26 12:03:06,935 - INFO - Trying URL: https://www.amazon.in/product-reviews/B0CQG7XMXC
2025-01-26 12:03:06,935 - INFO - Trying URL: https://www.amazon.in/product-reviews/B0CQG7XMXC
2025-01-26 12:03:06,935 - INFO - Trying URL: https://www.amazon.in/product-reviews/B0CQG7XMXC
2025-01-26 12:03:06,935 - INFO - Trying URL: https://www.amazon.in/product-reviews/B0CQG7XMXC
2025-01-26 12:03:06,935 - INFO - Trying URL: https://www.amazon.in/product-reviews/B0CQG7XMXC
2025-01-26 12:03:06,935 - INFO - Trying URL: https://www.amazon.in/product-reviews/B0CQG7XMXC
2025-01-26 12:03:49,713 - INFO - Trying URL: https://www.amazon.in/dp/B0CQG7XMXC/ref=cm_cr_arp_d_product_top?ie=UTF8
2025-01-26 12:03:49,713 - INFO - Trying URL: https://www.amazon.in/dp/B0CQG7XMXC/ref=cm_cr_arp_d_product_top?ie=UTF8
2025-01-26 12:03:49,713 - INFO - Trying URL: https://www.amazon.in/dp/B0CQG7XMXC/ref=cm_cr_arp_d_product_top?ie=UTF8
2025-01-26 12:03:49,713 - INFO - Trying URL: https://www.amazon.in/dp/B0CQG7XMXC/ref=cm_cr_arp_d_product_top?ie=UTF8
2025-01-26 12:03:49,713 - INFO - Trying URL: https://www.amazon.in/dp/B0CQG7XMXC/ref=cm_cr_arp_d_product_top?ie=UTF8
2025-01-26 12:03:49,713 - INFO - Trying URL: https://www.amazon.in/dp/B0CQG7XMXC/ref=cm_cr_arp_d_product_top?ie=UTF8
2025-01-26 12:03:49,713 - INFO - Trying URL: https://www.amazon.in/dp/B0CQG7XMXC/ref=cm_cr_arp_d_product_top?ie=UTF8
2025-01-26 12:03:49,713 - INFO - Trying URL: https://www.amazon.in/dp/B0CQG7XMXC/ref=cm_cr_arp_d_product_top?ie=UTF8
2025-01-26 12:04:37,660 - INFO - Using ASIN: B0DJMHDVQG
2025-01-26 12:04:37,660 - INFO - Using ASIN: B0DJMHDVQG
2025-01-26 12:04:37,660 - INFO - Using ASIN: B0DJMHDVQG
2025-01-26 12:04:37,660 - INFO - Using ASIN: B0DJMHDVQG
2025-01-26 12:04:37,660 - INFO - Using ASIN: B0DJMHDVQG
2025-01-26 12:04:37,660 - INFO - Using ASIN: B0DJMHDVQG
2025-01-26 12:04:37,660 - INFO - Using ASIN: B0DJMHDVQG
2025-01-26 12:04:37,660 - INFO - Using ASIN: B0DJMHDVQG
2025-01-26 12:04:37,660 - INFO - Using ASIN: B0DJMHDVQG
2025-01-26 12:04:37,663 - INFO - Trying URL: https://www.amazon.in/product-reviews/B0DJMHDVQG
2025-01-26 12:04:37,663 - INFO - Trying URL: https://www.amazon.in/product-reviews/B0DJMHDVQG
2025-01-26 12:04:37,663 - INFO - Trying URL: https://www.amazon.in/product-reviews/B0DJMHDVQG
2025-01-26 12:04:37,663 - INFO - Trying URL: https://www.amazon.in/product-reviews/B0DJMHDVQG
2025-01-26 12:04:37,663 - INFO - Trying URL: https://www.amazon.in/product-reviews/B0DJMHDVQG
2025-01-26 12:04:37,663 - INFO - Trying URL: https://www.amazon.in/product-reviews/B0DJMHDVQG
2025-01-26 12:04:37,663 - INFO - Trying URL: https://www.amazon.in/product-reviews/B0DJMHDVQG
2025-01-26 12:04:37,663 - INFO - Trying URL: https://www.amazon.in/product-reviews/B0DJMHDVQG
2025-01-26 12:04:37,663 - INFO - Trying URL: https://www.amazon.in/product-reviews/B0DJMHDVQG
2025-01-26 12:04:41,218 - INFO - Trying URL: https://www.amazon.in/dp/B0DJMHDVQG/ref=cm_cr_arp_d_product_top?ie=UTF8
2025-01-26 12:04:41,218 - INFO - Trying URL: https://www.amazon.in/dp/B0DJMHDVQG/ref=cm_cr_arp_d_product_top?ie=UTF8
2025-01-26 12:04:41,218 - INFO - Trying URL: https://www.amazon.in/dp/B0DJMHDVQG/ref=cm_cr_arp_d_product_top?ie=UTF8
2025-01-26 12:04:41,218 - INFO - Trying URL: https://www.amazon.in/dp/B0DJMHDVQG/ref=cm_cr_arp_d_product_top?ie=UTF8
2025-01-26 12:04:41,218 - INFO - Trying URL: https://www.amazon.in/dp/B0DJMHDVQG/ref=cm_cr_arp_d_product_top?ie=UTF8
2025-01-26 12:04:41,218 - INFO - Trying URL: https://www.amazon.in/dp/B0DJMHDVQG/ref=cm_cr_arp_d_product_top?ie=UTF8
2025-01-26 12:04:41,218 - INFO - Trying URL: https://www.amazon.in/dp/B0DJMHDVQG/ref=cm_cr_arp_d_product_top?ie=UTF8
2025-01-26 12:04:41,218 - INFO - Trying URL: https://www.amazon.in/dp/B0DJMHDVQG/ref=cm_cr_arp_d_product_top?ie=UTF8
2025-01-26 12:04:41,218 - INFO - Trying URL: https://www.amazon.in/dp/B0DJMHDVQG/ref=cm_cr_arp_d_product_top?ie=UTF8
2025-01-26 12:09:28,697 - INFO - Using ASIN: B0C2HZYM87
2025-01-26 12:09:28,697 - INFO - Using ASIN: B0C2HZYM87
2025-01-26 12:09:28,697 - INFO - Using ASIN: B0C2HZYM87
2025-01-26 12:09:28,697 - INFO - Using ASIN: B0C2HZYM87
2025-01-26 12:09:28,697 - INFO - Using ASIN: B0C2HZYM87
2025-01-26 12:09:28,697 - INFO - Using ASIN: B0C2HZYM87
2025-01-26 12:09:28,697 - INFO - Using ASIN: B0C2HZYM87
2025-01-26 12:09:28,697 - INFO - Using ASIN: B0C2HZYM87
2025-01-26 12:09:28,697 - INFO - Using ASIN: B0C2HZYM87
2025-01-26 12:09:28,697 - INFO - Using ASIN: B0C2HZYM87
2025-01-26 12:09:28,699 - INFO - Trying URL: https://www.amazon.in/product-reviews/B0C2HZYM87
2025-01-26 12:09:28,699 - INFO - Trying URL: https://www.amazon.in/product-reviews/B0C2HZYM87
2025-01-26 12:09:28,699 - INFO - Trying URL: https://www.amazon.in/product-reviews/B0C2HZYM87
2025-01-26 12:09:28,699 - INFO - Trying URL: https://www.amazon.in/product-reviews/B0C2HZYM87
2025-01-26 12:09:28,699 - INFO - Trying URL: https://www.amazon.in/product-reviews/B0C2HZYM87
2025-01-26 12:09:28,699 - INFO - Trying URL: https://www.amazon.in/product-reviews/B0C2HZYM87
2025-01-26 12:09:28,699 - INFO - Trying URL: https://www.amazon.in/product-reviews/B0C2HZYM87
2025-01-26 12:09:28,699 - INFO - Trying URL: https://www.amazon.in/product-reviews/B0C2HZYM87
2025-01-26 12:09:28,699 - INFO - Trying URL: https://www.amazon.in/product-reviews/B0C2HZYM87
2025-01-26 12:09:28,699 - INFO - Trying URL: https://www.amazon.in/product-reviews/B0C2HZYM87
2025-01-26 12:09:35,624 - INFO - Trying URL: https://www.amazon.in/dp/B0C2HZYM87/ref=cm_cr_arp_d_product_top?ie=UTF8
2025-01-26 12:09:35,624 - INFO - Trying URL: https://www.amazon.in/dp/B0C2HZYM87/ref=cm_cr_arp_d_product_top?ie=UTF8
2025-01-26 12:09:35,624 - INFO - Trying URL: https://www.amazon.in/dp/B0C2HZYM87/ref=cm_cr_arp_d_product_top?ie=UTF8
2025-01-26 12:09:35,624 - INFO - Trying URL: https://www.amazon.in/dp/B0C2HZYM87/ref=cm_cr_arp_d_product_top?ie=UTF8
2025-01-26 12:09:35,624 - INFO - Trying URL: https://www.amazon.in/dp/B0C2HZYM87/ref=cm_cr_arp_d_product_top?ie=UTF8
2025-01-26 12:09:35,624 - INFO - Trying URL: https://www.amazon.in/dp/B0C2HZYM87/ref=cm_cr_arp_d_product_top?ie=UTF8
2025-01-26 12:09:35,624 - INFO - Trying URL: https://www.amazon.in/dp/B0C2HZYM87/ref=cm_cr_arp_d_product_top?ie=UTF8
2025-01-26 12:09:35,624 - INFO - Trying URL: https://www.amazon.in/dp/B0C2HZYM87/ref=cm_cr_arp_d_product_top?ie=UTF8
2025-01-26 12:09:35,624 - INFO - Trying URL: https://www.amazon.in/dp/B0C2HZYM87/ref=cm_cr_arp_d_product_top?ie=UTF8
2025-01-26 12:09:35,624 - INFO - Trying URL: https://www.amazon.in/dp/B0C2HZYM87/ref=cm_cr_arp_d_product_top?ie=UTF8
2025-01-26 12:09:46,024 - INFO - Found 8 reviews
2025-01-26 12:09:46,024 - INFO - Found 8 reviews
2025-01-26 12:09:46,024 - INFO - Found 8 reviews
2025-01-26 12:09:46,024 - INFO - Found 8 reviews
2025-01-26 12:09:46,024 - INFO - Found 8 reviews
2025-01-26 12:09:46,024 - INFO - Found 8 reviews
2025-01-26 12:09:46,024 - INFO - Found 8 reviews
2025-01-26 12:09:46,024 - INFO - Found 8 reviews
2025-01-26 12:09:46,024 - INFO - Found 8 reviews
2025-01-26 12:09:46,024 - INFO - Found 8 reviews
2025-01-26 12:10:16,041 - INFO - Using ASIN: B0C2HZYM87
2025-01-26 12:10:16,041 - INFO - Using ASIN: B0C2HZYM87
2025-01-26 12:10:16,041 - INFO - Using ASIN: B0C2HZYM87
2025-01-26 12:10:16,041 - INFO - Using ASIN: B0C2HZYM87
2025-01-26 12:10:16,041 - INFO - Using ASIN: B0C2HZYM87
2025-01-26 12:10:16,041 - INFO - Using ASIN: B0C2HZYM87
2025-01-26 12:10:16,041 - INFO - Using ASIN: B0C2HZYM87
2025-01-26 12:10:16,041 - INFO - Using ASIN: B0C2HZYM87
2025-01-26 12:10:16,041 - INFO - Using ASIN: B0C2HZYM87
2025-01-26 12:10:16,041 - INFO - Using ASIN: B0C2HZYM87
2025-01-26 12:10:16,041 - INFO - Using ASIN: B0C2HZYM87
2025-01-26 12:10:16,044 - INFO - Trying URL: https://www.amazon.in/product-reviews/B0C2HZYM87
2025-01-26 12:10:16,044 - INFO - Trying URL: https://www.amazon.in/product-reviews/B0C2HZYM87
2025-01-26 12:10:16,044 - INFO - Trying URL: https://www.amazon.in/product-reviews/B0C2HZYM87
2025-01-26 12:10:16,044 - INFO - Trying URL: https://www.amazon.in/product-reviews/B0C2HZYM87
2025-01-26 12:10:16,044 - INFO - Trying URL: https://www.amazon.in/product-reviews/B0C2HZYM87
2025-01-26 12:10:16,044 - INFO - Trying URL: https://www.amazon.in/product-reviews/B0C2HZYM87
2025-01-26 12:10:16,044 - INFO - Trying URL: https://www.amazon.in/product-reviews/B0C2HZYM87
2025-01-26 12:10:16,044 - INFO - Trying URL: https://www.amazon.in/product-reviews/B0C2HZYM87
2025-01-26 12:10:16,044 - INFO - Trying URL: https://www.amazon.in/product-reviews/B0C2HZYM87
2025-01-26 12:10:16,044 - INFO - Trying URL: https://www.amazon.in/product-reviews/B0C2HZYM87
2025-01-26 12:10:16,044 - INFO - Trying URL: https://www.amazon.in/product-reviews/B0C2HZYM87
2025-01-26 12:10:21,119 - INFO - Trying URL: https://www.amazon.in/dp/B0C2HZYM87/ref=cm_cr_arp_d_product_top?ie=UTF8
2025-01-26 12:10:21,119 - INFO - Trying URL: https://www.amazon.in/dp/B0C2HZYM87/ref=cm_cr_arp_d_product_top?ie=UTF8
2025-01-26 12:10:21,119 - INFO - Trying URL: https://www.amazon.in/dp/B0C2HZYM87/ref=cm_cr_arp_d_product_top?ie=UTF8
2025-01-26 12:10:21,119 - INFO - Trying URL: https://www.amazon.in/dp/B0C2HZYM87/ref=cm_cr_arp_d_product_top?ie=UTF8
2025-01-26 12:10:21,119 - INFO - Trying URL: https://www.amazon.in/dp/B0C2HZYM87/ref=cm_cr_arp_d_product_top?ie=UTF8
2025-01-26 12:10:21,119 - INFO - Trying URL: https://www.amazon.in/dp/B0C2HZYM87/ref=cm_cr_arp_d_product_top?ie=UTF8
2025-01-26 12:10:21,119 - INFO - Trying URL: https://www.amazon.in/dp/B0C2HZYM87/ref=cm_cr_arp_d_product_top?ie=UTF8
2025-01-26 12:10:21,119 - INFO - Trying URL: https://www.amazon.in/dp/B0C2HZYM87/ref=cm_cr_arp_d_product_top?ie=UTF8
2025-01-26 12:10:21,119 - INFO - Trying URL: https://www.amazon.in/dp/B0C2HZYM87/ref=cm_cr_arp_d_product_top?ie=UTF8
2025-01-26 12:10:21,119 - INFO - Trying URL: https://www.amazon.in/dp/B0C2HZYM87/ref=cm_cr_arp_d_product_top?ie=UTF8
2025-01-26 12:10:21,119 - INFO - Trying URL: https://www.amazon.in/dp/B0C2HZYM87/ref=cm_cr_arp_d_product_top?ie=UTF8
2025-01-26 12:10:30,241 - INFO - Found 8 reviews
2025-01-26 12:10:30,241 - INFO - Found 8 reviews
2025-01-26 12:10:30,241 - INFO - Found 8 reviews
2025-01-26 12:10:30,241 - INFO - Found 8 reviews
2025-01-26 12:10:30,241 - INFO - Found 8 reviews
2025-01-26 12:10:30,241 - INFO - Found 8 reviews
2025-01-26 12:10:30,241 - INFO - Found 8 reviews
2025-01-26 12:10:30,241 - INFO - Found 8 reviews
2025-01-26 12:10:30,241 - INFO - Found 8 reviews
2025-01-26 12:10:30,241 - INFO - Found 8 reviews
2025-01-26 12:10:30,241 - INFO - Found 8 reviews
2025-01-26 12:11:45,678 - INFO - Using ASIN: B0DJMHDVQG
2025-01-26 12:11:45,678 - INFO - Using ASIN: B0DJMHDVQG
2025-01-26 12:11:45,678 - INFO - Using ASIN: B0DJMHDVQG
2025-01-26 12:11:45,678 - INFO - Using ASIN: B0DJMHDVQG
2025-01-26 12:11:45,678 - INFO - Using ASIN: B0DJMHDVQG
2025-01-26 12:11:45,678 - INFO - Using ASIN: B0DJMHDVQG
2025-01-26 12:11:45,678 - INFO - Using ASIN: B0DJMHDVQG
2025-01-26 12:11:45,678 - INFO - Using ASIN: B0DJMHDVQG
2025-01-26 12:11:45,678 - INFO - Using ASIN: B0DJMHDVQG
2025-01-26 12:11:45,678 - INFO - Using ASIN: B0DJMHDVQG
2025-01-26 12:11:45,678 - INFO - Using ASIN: B0DJMHDVQG
2025-01-26 12:11:45,678 - INFO - Using ASIN: B0DJMHDVQG
2025-01-26 12:11:45,681 - INFO - Trying URL: https://www.amazon.in/product-reviews/B0DJMHDVQG
2025-01-26 12:11:45,681 - INFO - Trying URL: https://www.amazon.in/product-reviews/B0DJMHDVQG
2025-01-26 12:11:45,681 - INFO - Trying URL: https://www.amazon.in/product-reviews/B0DJMHDVQG
2025-01-26 12:11:45,681 - INFO - Trying URL: https://www.amazon.in/product-reviews/B0DJMHDVQG
2025-01-26 12:11:45,681 - INFO - Trying URL: https://www.amazon.in/product-reviews/B0DJMHDVQG
2025-01-26 12:11:45,681 - INFO - Trying URL: https://www.amazon.in/product-reviews/B0DJMHDVQG
2025-01-26 12:11:45,681 - INFO - Trying URL: https://www.amazon.in/product-reviews/B0DJMHDVQG
2025-01-26 12:11:45,681 - INFO - Trying URL: https://www.amazon.in/product-reviews/B0DJMHDVQG
2025-01-26 12:11:45,681 - INFO - Trying URL: https://www.amazon.in/product-reviews/B0DJMHDVQG
2025-01-26 12:11:45,681 - INFO - Trying URL: https://www.amazon.in/product-reviews/B0DJMHDVQG
2025-01-26 12:11:45,681 - INFO - Trying URL: https://www.amazon.in/product-reviews/B0DJMHDVQG
2025-01-26 12:11:45,681 - INFO - Trying URL: https://www.amazon.in/product-reviews/B0DJMHDVQG
2025-01-26 12:11:52,199 - INFO - Trying URL: https://www.amazon.in/dp/B0DJMHDVQG/ref=cm_cr_arp_d_product_top?ie=UTF8
2025-01-26 12:11:52,199 - INFO - Trying URL: https://www.amazon.in/dp/B0DJMHDVQG/ref=cm_cr_arp_d_product_top?ie=UTF8
2025-01-26 12:11:52,199 - INFO - Trying URL: https://www.amazon.in/dp/B0DJMHDVQG/ref=cm_cr_arp_d_product_top?ie=UTF8
2025-01-26 12:11:52,199 - INFO - Trying URL: https://www.amazon.in/dp/B0DJMHDVQG/ref=cm_cr_arp_d_product_top?ie=UTF8
2025-01-26 12:11:52,199 - INFO - Trying URL: https://www.amazon.in/dp/B0DJMHDVQG/ref=cm_cr_arp_d_product_top?ie=UTF8
2025-01-26 12:11:52,199 - INFO - Trying URL: https://www.amazon.in/dp/B0DJMHDVQG/ref=cm_cr_arp_d_product_top?ie=UTF8
2025-01-26 12:11:52,199 - INFO - Trying URL: https://www.amazon.in/dp/B0DJMHDVQG/ref=cm_cr_arp_d_product_top?ie=UTF8
2025-01-26 12:11:52,199 - INFO - Trying URL: https://www.amazon.in/dp/B0DJMHDVQG/ref=cm_cr_arp_d_product_top?ie=UTF8
2025-01-26 12:11:52,199 - INFO - Trying URL: https://www.amazon.in/dp/B0DJMHDVQG/ref=cm_cr_arp_d_product_top?ie=UTF8
2025-01-26 12:11:52,199 - INFO - Trying URL: https://www.amazon.in/dp/B0DJMHDVQG/ref=cm_cr_arp_d_product_top?ie=UTF8
2025-01-26 12:11:52,199 - INFO - Trying URL: https://www.amazon.in/dp/B0DJMHDVQG/ref=cm_cr_arp_d_product_top?ie=UTF8
2025-01-26 12:11:52,199 - INFO - Trying URL: https://www.amazon.in/dp/B0DJMHDVQG/ref=cm_cr_arp_d_product_top?ie=UTF8
2025-01-26 12:15:09,990 - INFO - Using ASIN: B0CQG7XMXC
2025-01-26 12:15:09,990 - INFO - Using ASIN: B0CQG7XMXC
2025-01-26 12:15:09,990 - INFO - Using ASIN: B0CQG7XMXC
2025-01-26 12:15:09,990 - INFO - Using ASIN: B0CQG7XMXC
2025-01-26 12:15:09,990 - INFO - Using ASIN: B0CQG7XMXC
2025-01-26 12:15:09,990 - INFO - Using ASIN: B0CQG7XMXC
2025-01-26 12:15:09,990 - INFO - Using ASIN: B0CQG7XMXC
2025-01-26 12:15:09,990 - INFO - Using ASIN: B0CQG7XMXC
2025-01-26 12:15:09,990 - INFO - Using ASIN: B0CQG7XMXC
2025-01-26 12:15:09,990 - INFO - Using ASIN: B0CQG7XMXC
2025-01-26 12:15:09,990 - INFO - Using ASIN: B0CQG7XMXC
2025-01-26 12:15:09,990 - INFO - Using ASIN: B0CQG7XMXC
2025-01-26 12:15:09,990 - INFO - Using ASIN: B0CQG7XMXC
2025-01-26 12:15:09,996 - INFO - Trying URL: https://www.amazon.in/product-reviews/B0CQG7XMXC
2025-01-26 12:15:09,996 - INFO - Trying URL: https://www.amazon.in/product-reviews/B0CQG7XMXC
2025-01-26 12:15:09,996 - INFO - Trying URL: https://www.amazon.in/product-reviews/B0CQG7XMXC
2025-01-26 12:15:09,996 - INFO - Trying URL: https://www.amazon.in/product-reviews/B0CQG7XMXC
2025-01-26 12:15:09,996 - INFO - Trying URL: https://www.amazon.in/product-reviews/B0CQG7XMXC
2025-01-26 12:15:09,996 - INFO - Trying URL: https://www.amazon.in/product-reviews/B0CQG7XMXC
2025-01-26 12:15:09,996 - INFO - Trying URL: https://www.amazon.in/product-reviews/B0CQG7XMXC
2025-01-26 12:15:09,996 - INFO - Trying URL: https://www.amazon.in/product-reviews/B0CQG7XMXC
2025-01-26 12:15:09,996 - INFO - Trying URL: https://www.amazon.in/product-reviews/B0CQG7XMXC
2025-01-26 12:15:09,996 - INFO - Trying URL: https://www.amazon.in/product-reviews/B0CQG7XMXC
2025-01-26 12:15:09,996 - INFO - Trying URL: https://www.amazon.in/product-reviews/B0CQG7XMXC
2025-01-26 12:15:09,996 - INFO - Trying URL: https://www.amazon.in/product-reviews/B0CQG7XMXC
2025-01-26 12:15:09,996 - INFO - Trying URL: https://www.amazon.in/product-reviews/B0CQG7XMXC
2025-01-26 12:15:16,811 - INFO - Trying URL: https://www.amazon.in/dp/B0CQG7XMXC/ref=cm_cr_arp_d_product_top?ie=UTF8
2025-01-26 12:15:16,811 - INFO - Trying URL: https://www.amazon.in/dp/B0CQG7XMXC/ref=cm_cr_arp_d_product_top?ie=UTF8
2025-01-26 12:15:16,811 - INFO - Trying URL: https://www.amazon.in/dp/B0CQG7XMXC/ref=cm_cr_arp_d_product_top?ie=UTF8
2025-01-26 12:15:16,811 - INFO - Trying URL: https://www.amazon.in/dp/B0CQG7XMXC/ref=cm_cr_arp_d_product_top?ie=UTF8
2025-01-26 12:15:16,811 - INFO - Trying URL: https://www.amazon.in/dp/B0CQG7XMXC/ref=cm_cr_arp_d_product_top?ie=UTF8
2025-01-26 12:15:16,811 - INFO - Trying URL: https://www.amazon.in/dp/B0CQG7XMXC/ref=cm_cr_arp_d_product_top?ie=UTF8
2025-01-26 12:15:16,811 - INFO - Trying URL: https://www.amazon.in/dp/B0CQG7XMXC/ref=cm_cr_arp_d_product_top?ie=UTF8
2025-01-26 12:15:16,811 - INFO - Trying URL: https://www.amazon.in/dp/B0CQG7XMXC/ref=cm_cr_arp_d_product_top?ie=UTF8
2025-01-26 12:15:16,811 - INFO - Trying URL: https://www.amazon.in/dp/B0CQG7XMXC/ref=cm_cr_arp_d_product_top?ie=UTF8
2025-01-26 12:15:16,811 - INFO - Trying URL: https://www.amazon.in/dp/B0CQG7XMXC/ref=cm_cr_arp_d_product_top?ie=UTF8
2025-01-26 12:15:16,811 - INFO - Trying URL: https://www.amazon.in/dp/B0CQG7XMXC/ref=cm_cr_arp_d_product_top?ie=UTF8
2025-01-26 12:15:16,811 - INFO - Trying URL: https://www.amazon.in/dp/B0CQG7XMXC/ref=cm_cr_arp_d_product_top?ie=UTF8
2025-01-26 12:15:16,811 - INFO - Trying URL: https://www.amazon.in/dp/B0CQG7XMXC/ref=cm_cr_arp_d_product_top?ie=UTF8
2025-01-26 12:16:19,012 - INFO - Using ASIN: B072L1YBCJ
2025-01-26 12:16:19,012 - INFO - Using ASIN: B072L1YBCJ
2025-01-26 12:16:19,012 - INFO - Using ASIN: B072L1YBCJ
2025-01-26 12:16:19,012 - INFO - Using ASIN: B072L1YBCJ
2025-01-26 12:16:19,012 - INFO - Using ASIN: B072L1YBCJ
2025-01-26 12:16:19,012 - INFO - Using ASIN: B072L1YBCJ
2025-01-26 12:16:19,012 - INFO - Using ASIN: B072L1YBCJ
2025-01-26 12:16:19,012 - INFO - Using ASIN: B072L1YBCJ
2025-01-26 12:16:19,012 - INFO - Using ASIN: B072L1YBCJ
2025-01-26 12:16:19,012 - INFO - Using ASIN: B072L1YBCJ
2025-01-26 12:16:19,012 - INFO - Using ASIN: B072L1YBCJ
2025-01-26 12:16:19,012 - INFO - Using ASIN: B072L1YBCJ
2025-01-26 12:16:19,012 - INFO - Using ASIN: B072L1YBCJ
2025-01-26 12:16:19,012 - INFO - Using ASIN: B072L1YBCJ
2025-01-26 12:16:19,017 - INFO - Trying URL: https://www.amazon.in/product-reviews/B072L1YBCJ
2025-01-26 12:16:19,017 - INFO - Trying URL: https://www.amazon.in/product-reviews/B072L1YBCJ
2025-01-26 12:16:19,017 - INFO - Trying URL: https://www.amazon.in/product-reviews/B072L1YBCJ
2025-01-26 12:16:19,017 - INFO - Trying URL: https://www.amazon.in/product-reviews/B072L1YBCJ
2025-01-26 12:16:19,017 - INFO - Trying URL: https://www.amazon.in/product-reviews/B072L1YBCJ
2025-01-26 12:16:19,017 - INFO - Trying URL: https://www.amazon.in/product-reviews/B072L1YBCJ
2025-01-26 12:16:19,017 - INFO - Trying URL: https://www.amazon.in/product-reviews/B072L1YBCJ
2025-01-26 12:16:19,017 - INFO - Trying URL: https://www.amazon.in/product-reviews/B072L1YBCJ
2025-01-26 12:16:19,017 - INFO - Trying URL: https://www.amazon.in/product-reviews/B072L1YBCJ
2025-01-26 12:16:19,017 - INFO - Trying URL: https://www.amazon.in/product-reviews/B072L1YBCJ
2025-01-26 12:16:19,017 - INFO - Trying URL: https://www.amazon.in/product-reviews/B072L1YBCJ
2025-01-26 12:16:19,017 - INFO - Trying URL: https://www.amazon.in/product-reviews/B072L1YBCJ
2025-01-26 12:16:19,017 - INFO - Trying URL: https://www.amazon.in/product-reviews/B072L1YBCJ
2025-01-26 12:16:19,017 - INFO - Trying URL: https://www.amazon.in/product-reviews/B072L1YBCJ
2025-01-26 12:16:25,917 - INFO - Trying URL: https://www.amazon.in/dp/B072L1YBCJ/ref=cm_cr_arp_d_product_top?ie=UTF8
2025-01-26 12:16:25,917 - INFO - Trying URL: https://www.amazon.in/dp/B072L1YBCJ/ref=cm_cr_arp_d_product_top?ie=UTF8
2025-01-26 12:16:25,917 - INFO - Trying URL: https://www.amazon.in/dp/B072L1YBCJ/ref=cm_cr_arp_d_product_top?ie=UTF8
2025-01-26 12:16:25,917 - INFO - Trying URL: https://www.amazon.in/dp/B072L1YBCJ/ref=cm_cr_arp_d_product_top?ie=UTF8
2025-01-26 12:16:25,917 - INFO - Trying URL: https://www.amazon.in/dp/B072L1YBCJ/ref=cm_cr_arp_d_product_top?ie=UTF8
2025-01-26 12:16:25,917 - INFO - Trying URL: https://www.amazon.in/dp/B072L1YBCJ/ref=cm_cr_arp_d_product_top?ie=UTF8
2025-01-26 12:16:25,917 - INFO - Trying URL: https://www.amazon.in/dp/B072L1YBCJ/ref=cm_cr_arp_d_product_top?ie=UTF8
2025-01-26 12:16:25,917 - INFO - Trying URL: https://www.amazon.in/dp/B072L1YBCJ/ref=cm_cr_arp_d_product_top?ie=UTF8
2025-01-26 12:16:25,917 - INFO - Trying URL: https://www.amazon.in/dp/B072L1YBCJ/ref=cm_cr_arp_d_product_top?ie=UTF8
2025-01-26 12:16:25,917 - INFO - Trying URL: https://www.amazon.in/dp/B072L1YBCJ/ref=cm_cr_arp_d_product_top?ie=UTF8
2025-01-26 12:16:25,917 - INFO - Trying URL: https://www.amazon.in/dp/B072L1YBCJ/ref=cm_cr_arp_d_product_top?ie=UTF8
2025-01-26 12:16:25,917 - INFO - Trying URL: https://www.amazon.in/dp/B072L1YBCJ/ref=cm_cr_arp_d_product_top?ie=UTF8
2025-01-26 12:16:25,917 - INFO - Trying URL: https://www.amazon.in/dp/B072L1YBCJ/ref=cm_cr_arp_d_product_top?ie=UTF8
2025-01-26 12:16:25,917 - INFO - Trying URL: https://www.amazon.in/dp/B072L1YBCJ/ref=cm_cr_arp_d_product_top?ie=UTF8
2025-01-26 12:16:59,708 - INFO - Using ASIN: B072L1YBCJ
2025-01-26 12:16:59,708 - INFO - Using ASIN: B072L1YBCJ
2025-01-26 12:16:59,708 - INFO - Using ASIN: B072L1YBCJ
2025-01-26 12:16:59,708 - INFO - Using ASIN: B072L1YBCJ
2025-01-26 12:16:59,708 - INFO - Using ASIN: B072L1YBCJ
2025-01-26 12:16:59,708 - INFO - Using ASIN: B072L1YBCJ
2025-01-26 12:16:59,708 - INFO - Using ASIN: B072L1YBCJ
2025-01-26 12:16:59,708 - INFO - Using ASIN: B072L1YBCJ
2025-01-26 12:16:59,708 - INFO - Using ASIN: B072L1YBCJ
2025-01-26 12:16:59,708 - INFO - Using ASIN: B072L1YBCJ
2025-01-26 12:16:59,708 - INFO - Using ASIN: B072L1YBCJ
2025-01-26 12:16:59,708 - INFO - Using ASIN: B072L1YBCJ
2025-01-26 12:16:59,708 - INFO - Using ASIN: B072L1YBCJ
2025-01-26 12:16:59,708 - INFO - Using ASIN: B072L1YBCJ
2025-01-26 12:16:59,708 - INFO - Using ASIN: B072L1YBCJ
2025-01-26 12:16:59,714 - INFO - Trying URL: https://www.amazon.in/product-reviews/B072L1YBCJ
2025-01-26 12:16:59,714 - INFO - Trying URL: https://www.amazon.in/product-reviews/B072L1YBCJ
2025-01-26 12:16:59,714 - INFO - Trying URL: https://www.amazon.in/product-reviews/B072L1YBCJ
2025-01-26 12:16:59,714 - INFO - Trying URL: https://www.amazon.in/product-reviews/B072L1YBCJ
2025-01-26 12:16:59,714 - INFO - Trying URL: https://www.amazon.in/product-reviews/B072L1YBCJ
2025-01-26 12:16:59,714 - INFO - Trying URL: https://www.amazon.in/product-reviews/B072L1YBCJ
2025-01-26 12:16:59,714 - INFO - Trying URL: https://www.amazon.in/product-reviews/B072L1YBCJ
2025-01-26 12:16:59,714 - INFO - Trying URL: https://www.amazon.in/product-reviews/B072L1YBCJ
2025-01-26 12:16:59,714 - INFO - Trying URL: https://www.amazon.in/product-reviews/B072L1YBCJ
2025-01-26 12:16:59,714 - INFO - Trying URL: https://www.amazon.in/product-reviews/B072L1YBCJ
2025-01-26 12:16:59,714 - INFO - Trying URL: https://www.amazon.in/product-reviews/B072L1YBCJ
2025-01-26 12:16:59,714 - INFO - Trying URL: https://www.amazon.in/product-reviews/B072L1YBCJ
2025-01-26 12:16:59,714 - INFO - Trying URL: https://www.amazon.in/product-reviews/B072L1YBCJ
2025-01-26 12:16:59,714 - INFO - Trying URL: https://www.amazon.in/product-reviews/B072L1YBCJ
2025-01-26 12:16:59,714 - INFO - Trying URL: https://www.amazon.in/product-reviews/B072L1YBCJ
2025-01-26 12:17:06,196 - INFO - Trying URL: https://www.amazon.in/dp/B072L1YBCJ/ref=cm_cr_arp_d_product_top?ie=UTF8
2025-01-26 12:17:06,196 - INFO - Trying URL: https://www.amazon.in/dp/B072L1YBCJ/ref=cm_cr_arp_d_product_top?ie=UTF8
2025-01-26 12:17:06,196 - INFO - Trying URL: https://www.amazon.in/dp/B072L1YBCJ/ref=cm_cr_arp_d_product_top?ie=UTF8
2025-01-26 12:17:06,196 - INFO - Trying URL: https://www.amazon.in/dp/B072L1YBCJ/ref=cm_cr_arp_d_product_top?ie=UTF8
2025-01-26 12:17:06,196 - INFO - Trying URL: https://www.amazon.in/dp/B072L1YBCJ/ref=cm_cr_arp_d_product_top?ie=UTF8
2025-01-26 12:17:06,196 - INFO - Trying URL: https://www.amazon.in/dp/B072L1YBCJ/ref=cm_cr_arp_d_product_top?ie=UTF8
2025-01-26 12:17:06,196 - INFO - Trying URL: https://www.amazon.in/dp/B072L1YBCJ/ref=cm_cr_arp_d_product_top?ie=UTF8
2025-01-26 12:17:06,196 - INFO - Trying URL: https://www.amazon.in/dp/B072L1YBCJ/ref=cm_cr_arp_d_product_top?ie=UTF8
2025-01-26 12:17:06,196 - INFO - Trying URL: https://www.amazon.in/dp/B072L1YBCJ/ref=cm_cr_arp_d_product_top?ie=UTF8
2025-01-26 12:17:06,196 - INFO - Trying URL: https://www.amazon.in/dp/B072L1YBCJ/ref=cm_cr_arp_d_product_top?ie=UTF8
2025-01-26 12:17:06,196 - INFO - Trying URL: https://www.amazon.in/dp/B072L1YBCJ/ref=cm_cr_arp_d_product_top?ie=UTF8
2025-01-26 12:17:06,196 - INFO - Trying URL: https://www.amazon.in/dp/B072L1YBCJ/ref=cm_cr_arp_d_product_top?ie=UTF8
2025-01-26 12:17:06,196 - INFO - Trying URL: https://www.amazon.in/dp/B072L1YBCJ/ref=cm_cr_arp_d_product_top?ie=UTF8
2025-01-26 12:17:06,196 - INFO - Trying URL: https://www.amazon.in/dp/B072L1YBCJ/ref=cm_cr_arp_d_product_top?ie=UTF8
2025-01-26 12:17:06,196 - INFO - Trying URL: https://www.amazon.in/dp/B072L1YBCJ/ref=cm_cr_arp_d_product_top?ie=UTF8
2025-01-26 12:20:24,660 - INFO - Using ASIN: B0BY8MCQ9S
2025-01-26 12:20:24,660 - INFO - Using ASIN: B0BY8MCQ9S
2025-01-26 12:20:24,660 - INFO - Using ASIN: B0BY8MCQ9S
2025-01-26 12:20:24,660 - INFO - Using ASIN: B0BY8MCQ9S
2025-01-26 12:20:24,660 - INFO - Using ASIN: B0BY8MCQ9S
2025-01-26 12:20:24,660 - INFO - Using ASIN: B0BY8MCQ9S
2025-01-26 12:20:24,660 - INFO - Using ASIN: B0BY8MCQ9S
2025-01-26 12:20:24,660 - INFO - Using ASIN: B0BY8MCQ9S
2025-01-26 12:20:24,660 - INFO - Using ASIN: B0BY8MCQ9S
2025-01-26 12:20:24,660 - INFO - Using ASIN: B0BY8MCQ9S
2025-01-26 12:20:24,660 - INFO - Using ASIN: B0BY8MCQ9S
2025-01-26 12:20:24,660 - INFO - Using ASIN: B0BY8MCQ9S
2025-01-26 12:20:24,660 - INFO - Using ASIN: B0BY8MCQ9S
2025-01-26 12:20:24,660 - INFO - Using ASIN: B0BY8MCQ9S
2025-01-26 12:20:24,660 - INFO - Using ASIN: B0BY8MCQ9S
2025-01-26 12:20:24,660 - INFO - Using ASIN: B0BY8MCQ9S
2025-01-26 12:20:24,664 - INFO - Trying URL: https://www.amazon.in/product-reviews/B0BY8MCQ9S
2025-01-26 12:20:24,664 - INFO - Trying URL: https://www.amazon.in/product-reviews/B0BY8MCQ9S
2025-01-26 12:20:24,664 - INFO - Trying URL: https://www.amazon.in/product-reviews/B0BY8MCQ9S
2025-01-26 12:20:24,664 - INFO - Trying URL: https://www.amazon.in/product-reviews/B0BY8MCQ9S
2025-01-26 12:20:24,664 - INFO - Trying URL: https://www.amazon.in/product-reviews/B0BY8MCQ9S
2025-01-26 12:20:24,664 - INFO - Trying URL: https://www.amazon.in/product-reviews/B0BY8MCQ9S
2025-01-26 12:20:24,664 - INFO - Trying URL: https://www.amazon.in/product-reviews/B0BY8MCQ9S
2025-01-26 12:20:24,664 - INFO - Trying URL: https://www.amazon.in/product-reviews/B0BY8MCQ9S
2025-01-26 12:20:24,664 - INFO - Trying URL: https://www.amazon.in/product-reviews/B0BY8MCQ9S
2025-01-26 12:20:24,664 - INFO - Trying URL: https://www.amazon.in/product-reviews/B0BY8MCQ9S
2025-01-26 12:20:24,664 - INFO - Trying URL: https://www.amazon.in/product-reviews/B0BY8MCQ9S
2025-01-26 12:20:24,664 - INFO - Trying URL: https://www.amazon.in/product-reviews/B0BY8MCQ9S
2025-01-26 12:20:24,664 - INFO - Trying URL: https://www.amazon.in/product-reviews/B0BY8MCQ9S
2025-01-26 12:20:24,664 - INFO - Trying URL: https://www.amazon.in/product-reviews/B0BY8MCQ9S
2025-01-26 12:20:24,664 - INFO - Trying URL: https://www.amazon.in/product-reviews/B0BY8MCQ9S
2025-01-26 12:20:24,664 - INFO - Trying URL: https://www.amazon.in/product-reviews/B0BY8MCQ9S
2025-01-26 12:20:31,674 - INFO - Trying URL: https://www.amazon.in/dp/B0BY8MCQ9S/ref=cm_cr_arp_d_product_top?ie=UTF8
2025-01-26 12:20:31,674 - INFO - Trying URL: https://www.amazon.in/dp/B0BY8MCQ9S/ref=cm_cr_arp_d_product_top?ie=UTF8
2025-01-26 12:20:31,674 - INFO - Trying URL: https://www.amazon.in/dp/B0BY8MCQ9S/ref=cm_cr_arp_d_product_top?ie=UTF8
2025-01-26 12:20:31,674 - INFO - Trying URL: https://www.amazon.in/dp/B0BY8MCQ9S/ref=cm_cr_arp_d_product_top?ie=UTF8
2025-01-26 12:20:31,674 - INFO - Trying URL: https://www.amazon.in/dp/B0BY8MCQ9S/ref=cm_cr_arp_d_product_top?ie=UTF8
2025-01-26 12:20:31,674 - INFO - Trying URL: https://www.amazon.in/dp/B0BY8MCQ9S/ref=cm_cr_arp_d_product_top?ie=UTF8
2025-01-26 12:20:31,674 - INFO - Trying URL: https://www.amazon.in/dp/B0BY8MCQ9S/ref=cm_cr_arp_d_product_top?ie=UTF8
2025-01-26 12:20:31,674 - INFO - Trying URL: https://www.amazon.in/dp/B0BY8MCQ9S/ref=cm_cr_arp_d_product_top?ie=UTF8
2025-01-26 12:20:31,674 - INFO - Trying URL: https://www.amazon.in/dp/B0BY8MCQ9S/ref=cm_cr_arp_d_product_top?ie=UTF8
2025-01-26 12:20:31,674 - INFO - Trying URL: https://www.amazon.in/dp/B0BY8MCQ9S/ref=cm_cr_arp_d_product_top?ie=UTF8
2025-01-26 12:20:31,674 - INFO - Trying URL: https://www.amazon.in/dp/B0BY8MCQ9S/ref=cm_cr_arp_d_product_top?ie=UTF8
2025-01-26 12:20:31,674 - INFO - Trying URL: https://www.amazon.in/dp/B0BY8MCQ9S/ref=cm_cr_arp_d_product_top?ie=UTF8
2025-01-26 12:20:31,674 - INFO - Trying URL: https://www.amazon.in/dp/B0BY8MCQ9S/ref=cm_cr_arp_d_product_top?ie=UTF8
2025-01-26 12:20:31,674 - INFO - Trying URL: https://www.amazon.in/dp/B0BY8MCQ9S/ref=cm_cr_arp_d_product_top?ie=UTF8
2025-01-26 12:20:31,674 - INFO - Trying URL: https://www.amazon.in/dp/B0BY8MCQ9S/ref=cm_cr_arp_d_product_top?ie=UTF8
2025-01-26 12:20:31,674 - INFO - Trying URL: https://www.amazon.in/dp/B0BY8MCQ9S/ref=cm_cr_arp_d_product_top?ie=UTF8
2025-01-26 12:25:57,258 - INFO - Using ASIN: B0C2HZYM87
2025-01-26 12:25:57,258 - INFO - Using ASIN: B0C2HZYM87
2025-01-26 12:25:57,258 - INFO - Using ASIN: B0C2HZYM87
2025-01-26 12:25:57,258 - INFO - Using ASIN: B0C2HZYM87
2025-01-26 12:25:57,258 - INFO - Using ASIN: B0C2HZYM87
2025-01-26 12:25:57,258 - INFO - Using ASIN: B0C2HZYM87
2025-01-26 12:25:57,258 - INFO - Using ASIN: B0C2HZYM87
2025-01-26 12:25:57,258 - INFO - Using ASIN: B0C2HZYM87
2025-01-26 12:25:57,258 - INFO - Using ASIN: B0C2HZYM87
2025-01-26 12:25:57,258 - INFO - Using ASIN: B0C2HZYM87
2025-01-26 12:25:57,258 - INFO - Using ASIN: B0C2HZYM87
2025-01-26 12:25:57,258 - INFO - Using ASIN: B0C2HZYM87
2025-01-26 12:25:57,258 - INFO - Using ASIN: B0C2HZYM87
2025-01-26 12:25:57,258 - INFO - Using ASIN: B0C2HZYM87
2025-01-26 12:25:57,258 - INFO - Using ASIN: B0C2HZYM87
2025-01-26 12:25:57,258 - INFO - Using ASIN: B0C2HZYM87
2025-01-26 12:25:57,258 - INFO - Using ASIN: B0C2HZYM87
2025-01-26 12:25:57,264 - INFO - Trying URL: https://www.amazon.in/product-reviews/B0C2HZYM87
2025-01-26 12:25:57,264 - INFO - Trying URL: https://www.amazon.in/product-reviews/B0C2HZYM87
2025-01-26 12:25:57,264 - INFO - Trying URL: https://www.amazon.in/product-reviews/B0C2HZYM87
2025-01-26 12:25:57,264 - INFO - Trying URL: https://www.amazon.in/product-reviews/B0C2HZYM87
2025-01-26 12:25:57,264 - INFO - Trying URL: https://www.amazon.in/product-reviews/B0C2HZYM87
2025-01-26 12:25:57,264 - INFO - Trying URL: https://www.amazon.in/product-reviews/B0C2HZYM87
2025-01-26 12:25:57,264 - INFO - Trying URL: https://www.amazon.in/product-reviews/B0C2HZYM87
2025-01-26 12:25:57,264 - INFO - Trying URL: https://www.amazon.in/product-reviews/B0C2HZYM87
2025-01-26 12:25:57,264 - INFO - Trying URL: https://www.amazon.in/product-reviews/B0C2HZYM87
2025-01-26 12:25:57,264 - INFO - Trying URL: https://www.amazon.in/product-reviews/B0C2HZYM87
2025-01-26 12:25:57,264 - INFO - Trying URL: https://www.amazon.in/product-reviews/B0C2HZYM87
2025-01-26 12:25:57,264 - INFO - Trying URL: https://www.amazon.in/product-reviews/B0C2HZYM87
2025-01-26 12:25:57,264 - INFO - Trying URL: https://www.amazon.in/product-reviews/B0C2HZYM87
2025-01-26 12:25:57,264 - INFO - Trying URL: https://www.amazon.in/product-reviews/B0C2HZYM87
2025-01-26 12:25:57,264 - INFO - Trying URL: https://www.amazon.in/product-reviews/B0C2HZYM87
2025-01-26 12:25:57,264 - INFO - Trying URL: https://www.amazon.in/product-reviews/B0C2HZYM87
2025-01-26 12:25:57,264 - INFO - Trying URL: https://www.amazon.in/product-reviews/B0C2HZYM87
2025-01-26 12:26:02,879 - INFO - Trying URL: https://www.amazon.in/dp/B0C2HZYM87/ref=cm_cr_arp_d_product_top?ie=UTF8
2025-01-26 12:26:02,879 - INFO - Trying URL: https://www.amazon.in/dp/B0C2HZYM87/ref=cm_cr_arp_d_product_top?ie=UTF8
2025-01-26 12:26:02,879 - INFO - Trying URL: https://www.amazon.in/dp/B0C2HZYM87/ref=cm_cr_arp_d_product_top?ie=UTF8
2025-01-26 12:26:02,879 - INFO - Trying URL: https://www.amazon.in/dp/B0C2HZYM87/ref=cm_cr_arp_d_product_top?ie=UTF8
2025-01-26 12:26:02,879 - INFO - Trying URL: https://www.amazon.in/dp/B0C2HZYM87/ref=cm_cr_arp_d_product_top?ie=UTF8
2025-01-26 12:26:02,879 - INFO - Trying URL: https://www.amazon.in/dp/B0C2HZYM87/ref=cm_cr_arp_d_product_top?ie=UTF8
2025-01-26 12:26:02,879 - INFO - Trying URL: https://www.amazon.in/dp/B0C2HZYM87/ref=cm_cr_arp_d_product_top?ie=UTF8
2025-01-26 12:26:02,879 - INFO - Trying URL: https://www.amazon.in/dp/B0C2HZYM87/ref=cm_cr_arp_d_product_top?ie=UTF8
2025-01-26 12:26:02,879 - INFO - Trying URL: https://www.amazon.in/dp/B0C2HZYM87/ref=cm_cr_arp_d_product_top?ie=UTF8
2025-01-26 12:26:02,879 - INFO - Trying URL: https://www.amazon.in/dp/B0C2HZYM87/ref=cm_cr_arp_d_product_top?ie=UTF8
2025-01-26 12:26:02,879 - INFO - Trying URL: https://www.amazon.in/dp/B0C2HZYM87/ref=cm_cr_arp_d_product_top?ie=UTF8
2025-01-26 12:26:02,879 - INFO - Trying URL: https://www.amazon.in/dp/B0C2HZYM87/ref=cm_cr_arp_d_product_top?ie=UTF8
2025-01-26 12:26:02,879 - INFO - Trying URL: https://www.amazon.in/dp/B0C2HZYM87/ref=cm_cr_arp_d_product_top?ie=UTF8
2025-01-26 12:26:02,879 - INFO - Trying URL: https://www.amazon.in/dp/B0C2HZYM87/ref=cm_cr_arp_d_product_top?ie=UTF8
2025-01-26 12:26:02,879 - INFO - Trying URL: https://www.amazon.in/dp/B0C2HZYM87/ref=cm_cr_arp_d_product_top?ie=UTF8
2025-01-26 12:26:02,879 - INFO - Trying URL: https://www.amazon.in/dp/B0C2HZYM87/ref=cm_cr_arp_d_product_top?ie=UTF8
2025-01-26 12:26:02,879 - INFO - Trying URL: https://www.amazon.in/dp/B0C2HZYM87/ref=cm_cr_arp_d_product_top?ie=UTF8
2025-01-26 12:30:18,491 - INFO - Using ASIN: B0DJMHDVQG
2025-01-26 12:30:18,492 - INFO - Trying URL: https://www.amazon.in/product-reviews/B0DJMHDVQG
2025-01-26 12:30:29,607 - INFO - Trying URL: https://www.amazon.in/dp/B0DJMHDVQG/ref=cm_cr_arp_d_product_top?ie=UTF8
2025-01-26 12:31:55,235 - INFO - Using ASIN: B0DJMHDVQG
2025-01-26 12:31:55,235 - INFO - Using ASIN: B0DJMHDVQG
2025-01-26 12:31:55,236 - INFO - Trying URL: https://www.amazon.in/product-reviews/B0DJMHDVQG
2025-01-26 12:31:55,236 - INFO - Trying URL: https://www.amazon.in/product-reviews/B0DJMHDVQG
2025-01-26 12:32:09,746 - INFO - Trying URL: https://www.amazon.in/dp/B0DJMHDVQG/ref=cm_cr_arp_d_product_top?ie=UTF8
2025-01-26 12:32:09,746 - INFO - Trying URL: https://www.amazon.in/dp/B0DJMHDVQG/ref=cm_cr_arp_d_product_top?ie=UTF8
2025-01-26 14:26:36,739 - INFO - Using ASIN: B0DJMHDVQG
2025-01-26 14:26:36,739 - INFO - Trying URL: https://www.amazon.in/product-reviews/B0DJMHDVQG
2025-01-26 14:26:48,909 - INFO - Trying URL: https://www.amazon.in/dp/B0DJMHDVQG/ref=cm_cr_arp_d_product_top?ie=UTF8
2025-01-26 14:27:04,005 - INFO - Found 8 reviews
2025-01-26 14:29:19,709 - INFO - Using ASIN: B072L1YBCJ
2025-01-26 14:29:19,709 - INFO - Using ASIN: B072L1YBCJ
2025-01-26 14:29:19,711 - INFO - Trying URL: https://www.amazon.in/product-reviews/B072L1YBCJ
2025-01-26 14:29:19,711 - INFO - Trying URL: https://www.amazon.in/product-reviews/B072L1YBCJ
2025-01-26 14:29:31,004 - INFO - Trying URL: https://www.amazon.in/dp/B072L1YBCJ/ref=cm_cr_arp_d_product_top?ie=UTF8
2025-01-26 14:29:31,004 - INFO - Trying URL: https://www.amazon.in/dp/B072L1YBCJ/ref=cm_cr_arp_d_product_top?ie=UTF8
2025-01-26 14:29:47,241 - INFO - Found 8 reviews
2025-01-26 14:29:47,241 - INFO - Found 8 reviews
2025-01-26 17:21:26,591 - INFO - Using ASIN: B0CHS64DZ2
2025-01-26 17:21:26,592 - INFO - Trying URL: https://www.amazon.in/product-reviews/B0CHS64DZ2
2025-01-26 17:21:35,132 - INFO - Trying URL: https://www.amazon.in/dp/B0CHS64DZ2/ref=cm_cr_arp_d_product_top?ie=UTF8
2025-01-26 17:21:45,301 - INFO - Found 8 reviews
